<?xml version="1.0" encoding="UTF-8"?>
<!-- Generated by org.testng.reporters.JUnitReportReporter -->
<testsuite skipped="0" hostname="DESKTOP-R8TVOU0" name="Assignment.search.TestClass" tests="1" failures="0" timestamp="10 Nov 2020 11:19:59 GMT" time="18.381" errors="0">
  <testcase name="practice" time="18.381" classname="Assignment.search.TestClass"/>
</testsuite> <!-- Assignment.search.TestClass -->
